<?xml version="1.0" encoding="UTF-8"?>
<testng-results ignored="0" total="1" passed="1" failed="0" skipped="0">
  <reporter-output>
  </reporter-output>
  <suite started-at="2023-10-24T13:32:23 IST" name="Default suite" finished-at="2023-10-24T13:32:39 IST" duration-ms="15720">
    <groups>
    </groups>
    <test started-at="2023-10-24T13:32:23 IST" name="Default test" finished-at="2023-10-24T13:32:39 IST" duration-ms="15720">
      <class name="Test_Scenarios.Test_Method">
        <test-method is-config="true" signature="setUp()[pri:0, instance:Test_Scenarios.Test_Method@7c729a55]" started-at="2023-10-24T13:32:23 IST" name="setUp" finished-at="2023-10-24T13:32:27 IST" duration-ms="4339" status="PASS">
          <reporter-output>
          </reporter-output>
        </test-method> <!-- setUp -->
        <test-method signature="search()[pri:0, instance:Test_Scenarios.Test_Method@7c729a55]" started-at="2023-10-24T13:32:27 IST" name="search" finished-at="2023-10-24T13:32:38 IST" duration-ms="10588" status="PASS">
          <reporter-output>
          </reporter-output>
        </test-method> <!-- search -->
        <test-method is-config="true" signature="tearDown()[pri:0, instance:Test_Scenarios.Test_Method@7c729a55]" started-at="2023-10-24T13:32:38 IST" name="tearDown" finished-at="2023-10-24T13:32:39 IST" duration-ms="747" status="PASS">
          <reporter-output>
          </reporter-output>
        </test-method> <!-- tearDown -->
      </class> <!-- Test_Scenarios.Test_Method -->
    </test> <!-- Default test -->
  </suite> <!-- Default suite -->
</testng-results>
